<?xml version="1.0" encoding="UTF-8"?>
<testsuite name="As user i need sing up in advantage page" tests="1" skipped="0" failures="0" errors="0" timestamp="2022-05-31T13:30:40" hostname="DESKTOP-IC1QV9A" time="11.563">
  <properties/>
  <testcase name="validate user Register" classname="As user i need sing up in advantage page" time="11.563"/>
  <system-out><![CDATA[]]></system-out>
  <system-err><![CDATA[may 31, 2022 8:30:41 AM org.openqa.selenium.remote.DesiredCapabilities chrome
INFORMACIÓN: Using `new ChromeOptions()` is preferred to `DesiredCapabilities.chrome()`
Starting ChromeDriver 102.0.5005.61 (0e59bcc00cc4985ce39ad31c150065f159d95ad3-refs/branch-heads/5005@{#819}) on port 47878
Only local connections are allowed.
Please see https://chromedriver.chromium.org/security-considerations for suggestions on keeping ChromeDriver safe.
ChromeDriver was started successfully.
may 31, 2022 8:30:42 AM org.openqa.selenium.remote.ProtocolHandshake createSession
INFORMACIÓN: Detected dialect: W3C
]]></system-err>
</testsuite>
